[2025-05-07 16:55:10] production.WARNING: Slow query detected {"sql":"select exists (select 1 from pg_class c, pg_namespace n where n.nspname = current_schema() and c.relname = 'migrations' and c.relkind in ('r', 'p') and n.oid = c.relnamespace)","bindings":[],"time":1508.74} 
[2025-05-07 16:55:12] production.WARNING: Slow query detected {"sql":"select exists (select 1 from pg_class c, pg_namespace n where n.nspname = current_schema() and c.relname = 'migrations' and c.relkind in ('r', 'p') and n.oid = c.relnamespace)","bindings":[],"time":1521.07} 
[2025-05-07 16:55:13] production.WARNING: Slow query detected {"sql":"select \"migration\" from \"migrations\" order by \"batch\" asc, \"migration\" asc","bindings":[],"time":1348.62} 
[2025-05-07 16:55:15] production.WARNING: Slow query detected {"sql":"select \"migration\" from \"migrations\" order by \"batch\" asc, \"migration\" asc","bindings":[],"time":1651.94} 
[2025-05-07 16:55:16] production.WARNING: Slow query detected {"sql":"select max(\"batch\") as aggregate from \"migrations\"","bindings":[],"time":1559.98} 
[2025-05-07 16:55:20] production.ERROR: SQLSTATE[42703]: Undefined column: 7 ERROR:  column "category" does not exist (Connection: pgsql, SQL: create index "pump_solutions_category_index" on "pump_solutions" ("category")) {"exception":"[object] (Illuminate\\Database\\QueryException(code: 42703): SQLSTATE[42703]: Undefined column: 7 ERROR:  column \"category\" does not exist (Connection: pgsql, SQL: create index \"pump_solutions_category_index\" on \"pump_solutions\" (\"category\")) at /Users/mthunzimusumadi/Documents/Work-Repos/hippo-pumps-limited/vendor/laravel/framework/src/Illuminate/Database/Connection.php:822)
[stacktrace]
#0 /Users/mthunzimusumadi/Documents/Work-Repos/hippo-pumps-limited/vendor/laravel/framework/src/Illuminate/Database/Connection.php(776): Illuminate\\Database\\Connection->runQueryCallback('create index \"p...', Array, Object(Closure))
#1 /Users/mthunzimusumadi/Documents/Work-Repos/hippo-pumps-limited/vendor/laravel/framework/src/Illuminate/Database/Connection.php(557): Illuminate\\Database\\Connection->run('create index \"p...', Array, Object(Closure))
#2 /Users/mthunzimusumadi/Documents/Work-Repos/hippo-pumps-limited/vendor/laravel/framework/src/Illuminate/Database/Schema/Blueprint.php(119): Illuminate\\Database\\Connection->statement('create index \"p...')
#3 /Users/mthunzimusumadi/Documents/Work-Repos/hippo-pumps-limited/vendor/laravel/framework/src/Illuminate/Database/Schema/Builder.php(621): Illuminate\\Database\\Schema\\Blueprint->build()
#4 /Users/mthunzimusumadi/Documents/Work-Repos/hippo-pumps-limited/vendor/laravel/framework/src/Illuminate/Database/Schema/Builder.php(463): Illuminate\\Database\\Schema\\Builder->build(Object(Illuminate\\Database\\Schema\\Blueprint))
#5 /Users/mthunzimusumadi/Documents/Work-Repos/hippo-pumps-limited/vendor/laravel/framework/src/Illuminate/Support/Facades/Facade.php(361): Illuminate\\Database\\Schema\\Builder->table('pump_solutions', Object(Closure))
#6 /Users/mthunzimusumadi/Documents/Work-Repos/hippo-pumps-limited/database/migrations/2024_03_21_000000_add_indexes_to_pump_solutions_table.php(11): Illuminate\\Support\\Facades\\Facade::__callStatic('table', Array)
#7 /Users/mthunzimusumadi/Documents/Work-Repos/hippo-pumps-limited/vendor/laravel/framework/src/Illuminate/Database/Migrations/Migrator.php(514): Illuminate\\Database\\Migrations\\Migration@anonymous->up()
#8 /Users/mthunzimusumadi/Documents/Work-Repos/hippo-pumps-limited/vendor/laravel/framework/src/Illuminate/Database/Migrations/Migrator.php(439): Illuminate\\Database\\Migrations\\Migrator->runMethod(Object(Illuminate\\Database\\PostgresConnection), Object(Illuminate\\Database\\Migrations\\Migration@anonymous), 'up')
#9 /Users/mthunzimusumadi/Documents/Work-Repos/hippo-pumps-limited/vendor/laravel/framework/src/Illuminate/Database/Concerns/ManagesTransactions.php(32): Illuminate\\Database\\Migrations\\Migrator->{closure:Illuminate\\Database\\Migrations\\Migrator::runMigration():435}(Object(Illuminate\\Database\\PostgresConnection))
#10 /Users/mthunzimusumadi/Documents/Work-Repos/hippo-pumps-limited/vendor/laravel/framework/src/Illuminate/Database/Migrations/Migrator.php(447): Illuminate\\Database\\Connection->transaction(Object(Closure))
#11 /Users/mthunzimusumadi/Documents/Work-Repos/hippo-pumps-limited/vendor/laravel/framework/src/Illuminate/Database/Migrations/Migrator.php(250): Illuminate\\Database\\Migrations\\Migrator->runMigration(Object(Illuminate\\Database\\Migrations\\Migration@anonymous), 'up')
#12 /Users/mthunzimusumadi/Documents/Work-Repos/hippo-pumps-limited/vendor/laravel/framework/src/Illuminate/Console/View/Components/Task.php(41): Illuminate\\Database\\Migrations\\Migrator->{closure:Illuminate\\Database\\Migrations\\Migrator::runUp():250}()
#13 /Users/mthunzimusumadi/Documents/Work-Repos/hippo-pumps-limited/vendor/laravel/framework/src/Illuminate/Database/Migrations/Migrator.php(805): Illuminate\\Console\\View\\Components\\Task->render('2024_03_21_0000...', Object(Closure))
#14 /Users/mthunzimusumadi/Documents/Work-Repos/hippo-pumps-limited/vendor/laravel/framework/src/Illuminate/Database/Migrations/Migrator.php(250): Illuminate\\Database\\Migrations\\Migrator->write('Illuminate\\\\Cons...', '2024_03_21_0000...', Object(Closure))
#15 /Users/mthunzimusumadi/Documents/Work-Repos/hippo-pumps-limited/vendor/laravel/framework/src/Illuminate/Database/Migrations/Migrator.php(210): Illuminate\\Database\\Migrations\\Migrator->runUp('/Users/mthunzim...', 2, false)
#16 /Users/mthunzimusumadi/Documents/Work-Repos/hippo-pumps-limited/vendor/laravel/framework/src/Illuminate/Database/Migrations/Migrator.php(137): Illuminate\\Database\\Migrations\\Migrator->runPending(Array, Array)
#17 /Users/mthunzimusumadi/Documents/Work-Repos/hippo-pumps-limited/vendor/laravel/framework/src/Illuminate/Database/Console/Migrations/MigrateCommand.php(116): Illuminate\\Database\\Migrations\\Migrator->run(Array, Array)
#18 /Users/mthunzimusumadi/Documents/Work-Repos/hippo-pumps-limited/vendor/laravel/framework/src/Illuminate/Database/Migrations/Migrator.php(665): Illuminate\\Database\\Console\\Migrations\\MigrateCommand->{closure:Illuminate\\Database\\Console\\Migrations\\MigrateCommand::runMigrations():109}()
#19 /Users/mthunzimusumadi/Documents/Work-Repos/hippo-pumps-limited/vendor/laravel/framework/src/Illuminate/Database/Console/Migrations/MigrateCommand.php(109): Illuminate\\Database\\Migrations\\Migrator->usingConnection(NULL, Object(Closure))
#20 /Users/mthunzimusumadi/Documents/Work-Repos/hippo-pumps-limited/vendor/laravel/framework/src/Illuminate/Database/Console/Migrations/MigrateCommand.php(88): Illuminate\\Database\\Console\\Migrations\\MigrateCommand->runMigrations()
#21 /Users/mthunzimusumadi/Documents/Work-Repos/hippo-pumps-limited/vendor/laravel/framework/src/Illuminate/Container/BoundMethod.php(36): Illuminate\\Database\\Console\\Migrations\\MigrateCommand->handle()
#22 /Users/mthunzimusumadi/Documents/Work-Repos/hippo-pumps-limited/vendor/laravel/framework/src/Illuminate/Container/Util.php(43): Illuminate\\Container\\BoundMethod::{closure:Illuminate\\Container\\BoundMethod::call():35}()
#23 /Users/mthunzimusumadi/Documents/Work-Repos/hippo-pumps-limited/vendor/laravel/framework/src/Illuminate/Container/BoundMethod.php(96): Illuminate\\Container\\Util::unwrapIfClosure(Object(Closure))
#24 /Users/mthunzimusumadi/Documents/Work-Repos/hippo-pumps-limited/vendor/laravel/framework/src/Illuminate/Container/BoundMethod.php(35): Illuminate\\Container\\BoundMethod::callBoundMethod(Object(Illuminate\\Foundation\\Application), Array, Object(Closure))
#25 /Users/mthunzimusumadi/Documents/Work-Repos/hippo-pumps-limited/vendor/laravel/framework/src/Illuminate/Container/Container.php(754): Illuminate\\Container\\BoundMethod::call(Object(Illuminate\\Foundation\\Application), Array, Array, NULL)
#26 /Users/mthunzimusumadi/Documents/Work-Repos/hippo-pumps-limited/vendor/laravel/framework/src/Illuminate/Console/Command.php(211): Illuminate\\Container\\Container->call(Array)
#27 /Users/mthunzimusumadi/Documents/Work-Repos/hippo-pumps-limited/vendor/symfony/console/Command/Command.php(279): Illuminate\\Console\\Command->execute(Object(Symfony\\Component\\Console\\Input\\ArgvInput), Object(Illuminate\\Console\\OutputStyle))
#28 /Users/mthunzimusumadi/Documents/Work-Repos/hippo-pumps-limited/vendor/laravel/framework/src/Illuminate/Console/Command.php(180): Symfony\\Component\\Console\\Command\\Command->run(Object(Symfony\\Component\\Console\\Input\\ArgvInput), Object(Illuminate\\Console\\OutputStyle))
#29 /Users/mthunzimusumadi/Documents/Work-Repos/hippo-pumps-limited/vendor/symfony/console/Application.php(1094): Illuminate\\Console\\Command->run(Object(Symfony\\Component\\Console\\Input\\ArgvInput), Object(Symfony\\Component\\Console\\Output\\ConsoleOutput))
#30 /Users/mthunzimusumadi/Documents/Work-Repos/hippo-pumps-limited/vendor/symfony/console/Application.php(342): Symfony\\Component\\Console\\Application->doRunCommand(Object(Illuminate\\Database\\Console\\Migrations\\MigrateCommand), Object(Symfony\\Component\\Console\\Input\\ArgvInput), Object(Symfony\\Component\\Console\\Output\\ConsoleOutput))
#31 /Users/mthunzimusumadi/Documents/Work-Repos/hippo-pumps-limited/vendor/symfony/console/Application.php(193): Symfony\\Component\\Console\\Application->doRun(Object(Symfony\\Component\\Console\\Input\\ArgvInput), Object(Symfony\\Component\\Console\\Output\\ConsoleOutput))
#32 /Users/mthunzimusumadi/Documents/Work-Repos/hippo-pumps-limited/vendor/laravel/framework/src/Illuminate/Foundation/Console/Kernel.php(197): Symfony\\Component\\Console\\Application->run(Object(Symfony\\Component\\Console\\Input\\ArgvInput), Object(Symfony\\Component\\Console\\Output\\ConsoleOutput))
#33 /Users/mthunzimusumadi/Documents/Work-Repos/hippo-pumps-limited/vendor/laravel/framework/src/Illuminate/Foundation/Application.php(1234): Illuminate\\Foundation\\Console\\Kernel->handle(Object(Symfony\\Component\\Console\\Input\\ArgvInput), Object(Symfony\\Component\\Console\\Output\\ConsoleOutput))
#34 /Users/mthunzimusumadi/Documents/Work-Repos/hippo-pumps-limited/artisan(16): Illuminate\\Foundation\\Application->handleCommand(Object(Symfony\\Component\\Console\\Input\\ArgvInput))
#35 {main}

[previous exception] [object] (PDOException(code: 42703): SQLSTATE[42703]: Undefined column: 7 ERROR:  column \"category\" does not exist at /Users/mthunzimusumadi/Documents/Work-Repos/hippo-pumps-limited/vendor/laravel/framework/src/Illuminate/Database/Connection.php:568)
[stacktrace]
#0 /Users/mthunzimusumadi/Documents/Work-Repos/hippo-pumps-limited/vendor/laravel/framework/src/Illuminate/Database/Connection.php(568): PDOStatement->execute()
#1 /Users/mthunzimusumadi/Documents/Work-Repos/hippo-pumps-limited/vendor/laravel/framework/src/Illuminate/Database/Connection.php(809): Illuminate\\Database\\Connection->{closure:Illuminate\\Database\\Connection::statement():557}('create index \"p...', Array)
#2 /Users/mthunzimusumadi/Documents/Work-Repos/hippo-pumps-limited/vendor/laravel/framework/src/Illuminate/Database/Connection.php(776): Illuminate\\Database\\Connection->runQueryCallback('create index \"p...', Array, Object(Closure))
#3 /Users/mthunzimusumadi/Documents/Work-Repos/hippo-pumps-limited/vendor/laravel/framework/src/Illuminate/Database/Connection.php(557): Illuminate\\Database\\Connection->run('create index \"p...', Array, Object(Closure))
#4 /Users/mthunzimusumadi/Documents/Work-Repos/hippo-pumps-limited/vendor/laravel/framework/src/Illuminate/Database/Schema/Blueprint.php(119): Illuminate\\Database\\Connection->statement('create index \"p...')
#5 /Users/mthunzimusumadi/Documents/Work-Repos/hippo-pumps-limited/vendor/laravel/framework/src/Illuminate/Database/Schema/Builder.php(621): Illuminate\\Database\\Schema\\Blueprint->build()
#6 /Users/mthunzimusumadi/Documents/Work-Repos/hippo-pumps-limited/vendor/laravel/framework/src/Illuminate/Database/Schema/Builder.php(463): Illuminate\\Database\\Schema\\Builder->build(Object(Illuminate\\Database\\Schema\\Blueprint))
#7 /Users/mthunzimusumadi/Documents/Work-Repos/hippo-pumps-limited/vendor/laravel/framework/src/Illuminate/Support/Facades/Facade.php(361): Illuminate\\Database\\Schema\\Builder->table('pump_solutions', Object(Closure))
#8 /Users/mthunzimusumadi/Documents/Work-Repos/hippo-pumps-limited/database/migrations/2024_03_21_000000_add_indexes_to_pump_solutions_table.php(11): Illuminate\\Support\\Facades\\Facade::__callStatic('table', Array)
#9 /Users/mthunzimusumadi/Documents/Work-Repos/hippo-pumps-limited/vendor/laravel/framework/src/Illuminate/Database/Migrations/Migrator.php(514): Illuminate\\Database\\Migrations\\Migration@anonymous->up()
#10 /Users/mthunzimusumadi/Documents/Work-Repos/hippo-pumps-limited/vendor/laravel/framework/src/Illuminate/Database/Migrations/Migrator.php(439): Illuminate\\Database\\Migrations\\Migrator->runMethod(Object(Illuminate\\Database\\PostgresConnection), Object(Illuminate\\Database\\Migrations\\Migration@anonymous), 'up')
#11 /Users/mthunzimusumadi/Documents/Work-Repos/hippo-pumps-limited/vendor/laravel/framework/src/Illuminate/Database/Concerns/ManagesTransactions.php(32): Illuminate\\Database\\Migrations\\Migrator->{closure:Illuminate\\Database\\Migrations\\Migrator::runMigration():435}(Object(Illuminate\\Database\\PostgresConnection))
#12 /Users/mthunzimusumadi/Documents/Work-Repos/hippo-pumps-limited/vendor/laravel/framework/src/Illuminate/Database/Migrations/Migrator.php(447): Illuminate\\Database\\Connection->transaction(Object(Closure))
#13 /Users/mthunzimusumadi/Documents/Work-Repos/hippo-pumps-limited/vendor/laravel/framework/src/Illuminate/Database/Migrations/Migrator.php(250): Illuminate\\Database\\Migrations\\Migrator->runMigration(Object(Illuminate\\Database\\Migrations\\Migration@anonymous), 'up')
#14 /Users/mthunzimusumadi/Documents/Work-Repos/hippo-pumps-limited/vendor/laravel/framework/src/Illuminate/Console/View/Components/Task.php(41): Illuminate\\Database\\Migrations\\Migrator->{closure:Illuminate\\Database\\Migrations\\Migrator::runUp():250}()
#15 /Users/mthunzimusumadi/Documents/Work-Repos/hippo-pumps-limited/vendor/laravel/framework/src/Illuminate/Database/Migrations/Migrator.php(805): Illuminate\\Console\\View\\Components\\Task->render('2024_03_21_0000...', Object(Closure))
#16 /Users/mthunzimusumadi/Documents/Work-Repos/hippo-pumps-limited/vendor/laravel/framework/src/Illuminate/Database/Migrations/Migrator.php(250): Illuminate\\Database\\Migrations\\Migrator->write('Illuminate\\\\Cons...', '2024_03_21_0000...', Object(Closure))
#17 /Users/mthunzimusumadi/Documents/Work-Repos/hippo-pumps-limited/vendor/laravel/framework/src/Illuminate/Database/Migrations/Migrator.php(210): Illuminate\\Database\\Migrations\\Migrator->runUp('/Users/mthunzim...', 2, false)
#18 /Users/mthunzimusumadi/Documents/Work-Repos/hippo-pumps-limited/vendor/laravel/framework/src/Illuminate/Database/Migrations/Migrator.php(137): Illuminate\\Database\\Migrations\\Migrator->runPending(Array, Array)
#19 /Users/mthunzimusumadi/Documents/Work-Repos/hippo-pumps-limited/vendor/laravel/framework/src/Illuminate/Database/Console/Migrations/MigrateCommand.php(116): Illuminate\\Database\\Migrations\\Migrator->run(Array, Array)
#20 /Users/mthunzimusumadi/Documents/Work-Repos/hippo-pumps-limited/vendor/laravel/framework/src/Illuminate/Database/Migrations/Migrator.php(665): Illuminate\\Database\\Console\\Migrations\\MigrateCommand->{closure:Illuminate\\Database\\Console\\Migrations\\MigrateCommand::runMigrations():109}()
#21 /Users/mthunzimusumadi/Documents/Work-Repos/hippo-pumps-limited/vendor/laravel/framework/src/Illuminate/Database/Console/Migrations/MigrateCommand.php(109): Illuminate\\Database\\Migrations\\Migrator->usingConnection(NULL, Object(Closure))
#22 /Users/mthunzimusumadi/Documents/Work-Repos/hippo-pumps-limited/vendor/laravel/framework/src/Illuminate/Database/Console/Migrations/MigrateCommand.php(88): Illuminate\\Database\\Console\\Migrations\\MigrateCommand->runMigrations()
#23 /Users/mthunzimusumadi/Documents/Work-Repos/hippo-pumps-limited/vendor/laravel/framework/src/Illuminate/Container/BoundMethod.php(36): Illuminate\\Database\\Console\\Migrations\\MigrateCommand->handle()
#24 /Users/mthunzimusumadi/Documents/Work-Repos/hippo-pumps-limited/vendor/laravel/framework/src/Illuminate/Container/Util.php(43): Illuminate\\Container\\BoundMethod::{closure:Illuminate\\Container\\BoundMethod::call():35}()
#25 /Users/mthunzimusumadi/Documents/Work-Repos/hippo-pumps-limited/vendor/laravel/framework/src/Illuminate/Container/BoundMethod.php(96): Illuminate\\Container\\Util::unwrapIfClosure(Object(Closure))
#26 /Users/mthunzimusumadi/Documents/Work-Repos/hippo-pumps-limited/vendor/laravel/framework/src/Illuminate/Container/BoundMethod.php(35): Illuminate\\Container\\BoundMethod::callBoundMethod(Object(Illuminate\\Foundation\\Application), Array, Object(Closure))
#27 /Users/mthunzimusumadi/Documents/Work-Repos/hippo-pumps-limited/vendor/laravel/framework/src/Illuminate/Container/Container.php(754): Illuminate\\Container\\BoundMethod::call(Object(Illuminate\\Foundation\\Application), Array, Array, NULL)
#28 /Users/mthunzimusumadi/Documents/Work-Repos/hippo-pumps-limited/vendor/laravel/framework/src/Illuminate/Console/Command.php(211): Illuminate\\Container\\Container->call(Array)
#29 /Users/mthunzimusumadi/Documents/Work-Repos/hippo-pumps-limited/vendor/symfony/console/Command/Command.php(279): Illuminate\\Console\\Command->execute(Object(Symfony\\Component\\Console\\Input\\ArgvInput), Object(Illuminate\\Console\\OutputStyle))
#30 /Users/mthunzimusumadi/Documents/Work-Repos/hippo-pumps-limited/vendor/laravel/framework/src/Illuminate/Console/Command.php(180): Symfony\\Component\\Console\\Command\\Command->run(Object(Symfony\\Component\\Console\\Input\\ArgvInput), Object(Illuminate\\Console\\OutputStyle))
#31 /Users/mthunzimusumadi/Documents/Work-Repos/hippo-pumps-limited/vendor/symfony/console/Application.php(1094): Illuminate\\Console\\Command->run(Object(Symfony\\Component\\Console\\Input\\ArgvInput), Object(Symfony\\Component\\Console\\Output\\ConsoleOutput))
#32 /Users/mthunzimusumadi/Documents/Work-Repos/hippo-pumps-limited/vendor/symfony/console/Application.php(342): Symfony\\Component\\Console\\Application->doRunCommand(Object(Illuminate\\Database\\Console\\Migrations\\MigrateCommand), Object(Symfony\\Component\\Console\\Input\\ArgvInput), Object(Symfony\\Component\\Console\\Output\\ConsoleOutput))
#33 /Users/mthunzimusumadi/Documents/Work-Repos/hippo-pumps-limited/vendor/symfony/console/Application.php(193): Symfony\\Component\\Console\\Application->doRun(Object(Symfony\\Component\\Console\\Input\\ArgvInput), Object(Symfony\\Component\\Console\\Output\\ConsoleOutput))
#34 /Users/mthunzimusumadi/Documents/Work-Repos/hippo-pumps-limited/vendor/laravel/framework/src/Illuminate/Foundation/Console/Kernel.php(197): Symfony\\Component\\Console\\Application->run(Object(Symfony\\Component\\Console\\Input\\ArgvInput), Object(Symfony\\Component\\Console\\Output\\ConsoleOutput))
#35 /Users/mthunzimusumadi/Documents/Work-Repos/hippo-pumps-limited/vendor/laravel/framework/src/Illuminate/Foundation/Application.php(1234): Illuminate\\Foundation\\Console\\Kernel->handle(Object(Symfony\\Component\\Console\\Input\\ArgvInput), Object(Symfony\\Component\\Console\\Output\\ConsoleOutput))
#36 /Users/mthunzimusumadi/Documents/Work-Repos/hippo-pumps-limited/artisan(16): Illuminate\\Foundation\\Application->handleCommand(Object(Symfony\\Component\\Console\\Input\\ArgvInput))
#37 {main}
"} 
[2025-05-07 16:55:53] production.WARNING: Slow query detected {"sql":"select max(\"batch\") as aggregate from \"migrations\"","bindings":[],"time":2635.83} 
[2025-05-07 16:56:00] production.WARNING: Slow query detected {"sql":"select * from \"migrations\" where \"batch\" = ? order by \"migration\" desc","bindings":[1],"time":6049.69} 
[2025-05-07 16:56:02] production.ERROR: SQLSTATE[42703]: Undefined column: 7 ERROR:  column "category" of relation "pump_solutions" does not exist (Connection: pgsql, SQL: alter table "pump_solutions" drop column "q_max", drop column "h_max", drop column "rated_q", drop column "rated_h", drop column "motor", drop column "price_zmw", drop column "vat_rate", drop column "net_price_zmw", drop column "category") {"exception":"[object] (Illuminate\\Database\\QueryException(code: 42703): SQLSTATE[42703]: Undefined column: 7 ERROR:  column \"category\" of relation \"pump_solutions\" does not exist (Connection: pgsql, SQL: alter table \"pump_solutions\" drop column \"q_max\", drop column \"h_max\", drop column \"rated_q\", drop column \"rated_h\", drop column \"motor\", drop column \"price_zmw\", drop column \"vat_rate\", drop column \"net_price_zmw\", drop column \"category\") at /Users/mthunzimusumadi/Documents/Work-Repos/hippo-pumps-limited/vendor/laravel/framework/src/Illuminate/Database/Connection.php:822)
[stacktrace]
#0 /Users/mthunzimusumadi/Documents/Work-Repos/hippo-pumps-limited/vendor/laravel/framework/src/Illuminate/Database/Connection.php(776): Illuminate\\Database\\Connection->runQueryCallback('alter table \"pu...', Array, Object(Closure))
#1 /Users/mthunzimusumadi/Documents/Work-Repos/hippo-pumps-limited/vendor/laravel/framework/src/Illuminate/Database/Connection.php(557): Illuminate\\Database\\Connection->run('alter table \"pu...', Array, Object(Closure))
#2 /Users/mthunzimusumadi/Documents/Work-Repos/hippo-pumps-limited/vendor/laravel/framework/src/Illuminate/Database/Schema/Blueprint.php(119): Illuminate\\Database\\Connection->statement('alter table \"pu...')
#3 /Users/mthunzimusumadi/Documents/Work-Repos/hippo-pumps-limited/vendor/laravel/framework/src/Illuminate/Database/Schema/Builder.php(621): Illuminate\\Database\\Schema\\Blueprint->build()
#4 /Users/mthunzimusumadi/Documents/Work-Repos/hippo-pumps-limited/vendor/laravel/framework/src/Illuminate/Database/Schema/Builder.php(463): Illuminate\\Database\\Schema\\Builder->build(Object(Illuminate\\Database\\Schema\\Blueprint))
#5 /Users/mthunzimusumadi/Documents/Work-Repos/hippo-pumps-limited/vendor/laravel/framework/src/Illuminate/Support/Facades/Facade.php(361): Illuminate\\Database\\Schema\\Builder->table('pump_solutions', Object(Closure))
#6 /Users/mthunzimusumadi/Documents/Work-Repos/hippo-pumps-limited/database/migrations/2025_04_26_172329_restructure_pump_solutions_table.php(67): Illuminate\\Support\\Facades\\Facade::__callStatic('table', Array)
#7 /Users/mthunzimusumadi/Documents/Work-Repos/hippo-pumps-limited/vendor/laravel/framework/src/Illuminate/Database/Migrations/Migrator.php(514): Illuminate\\Database\\Migrations\\Migration@anonymous->down()
#8 /Users/mthunzimusumadi/Documents/Work-Repos/hippo-pumps-limited/vendor/laravel/framework/src/Illuminate/Database/Migrations/Migrator.php(439): Illuminate\\Database\\Migrations\\Migrator->runMethod(Object(Illuminate\\Database\\PostgresConnection), Object(Illuminate\\Database\\Migrations\\Migration@anonymous), 'down')
#9 /Users/mthunzimusumadi/Documents/Work-Repos/hippo-pumps-limited/vendor/laravel/framework/src/Illuminate/Database/Concerns/ManagesTransactions.php(32): Illuminate\\Database\\Migrations\\Migrator->{closure:Illuminate\\Database\\Migrations\\Migrator::runMigration():435}(Object(Illuminate\\Database\\PostgresConnection))
#10 /Users/mthunzimusumadi/Documents/Work-Repos/hippo-pumps-limited/vendor/laravel/framework/src/Illuminate/Database/Migrations/Migrator.php(447): Illuminate\\Database\\Connection->transaction(Object(Closure))
#11 /Users/mthunzimusumadi/Documents/Work-Repos/hippo-pumps-limited/vendor/laravel/framework/src/Illuminate/Database/Migrations/Migrator.php(414): Illuminate\\Database\\Migrations\\Migrator->runMigration(Object(Illuminate\\Database\\Migrations\\Migration@anonymous), 'down')
#12 /Users/mthunzimusumadi/Documents/Work-Repos/hippo-pumps-limited/vendor/laravel/framework/src/Illuminate/Console/View/Components/Task.php(41): Illuminate\\Database\\Migrations\\Migrator->{closure:Illuminate\\Database\\Migrations\\Migrator::runDown():414}()
#13 /Users/mthunzimusumadi/Documents/Work-Repos/hippo-pumps-limited/vendor/laravel/framework/src/Illuminate/Database/Migrations/Migrator.php(805): Illuminate\\Console\\View\\Components\\Task->render('2025_04_26_1723...', Object(Closure))
#14 /Users/mthunzimusumadi/Documents/Work-Repos/hippo-pumps-limited/vendor/laravel/framework/src/Illuminate/Database/Migrations/Migrator.php(414): Illuminate\\Database\\Migrations\\Migrator->write('Illuminate\\\\Cons...', '2025_04_26_1723...', Object(Closure))
#15 /Users/mthunzimusumadi/Documents/Work-Repos/hippo-pumps-limited/vendor/laravel/framework/src/Illuminate/Database/Migrations/Migrator.php(337): Illuminate\\Database\\Migrations\\Migrator->runDown('/Users/mthunzim...', Object(stdClass), false)
#16 /Users/mthunzimusumadi/Documents/Work-Repos/hippo-pumps-limited/vendor/laravel/framework/src/Illuminate/Database/Migrations/Migrator.php(281): Illuminate\\Database\\Migrations\\Migrator->rollbackMigrations(Array, Array, Array)
#17 /Users/mthunzimusumadi/Documents/Work-Repos/hippo-pumps-limited/vendor/laravel/framework/src/Illuminate/Database/Console/Migrations/RollbackCommand.php(63): Illuminate\\Database\\Migrations\\Migrator->rollback(Array, Array)
#18 /Users/mthunzimusumadi/Documents/Work-Repos/hippo-pumps-limited/vendor/laravel/framework/src/Illuminate/Database/Migrations/Migrator.php(665): Illuminate\\Database\\Console\\Migrations\\RollbackCommand->{closure:Illuminate\\Database\\Console\\Migrations\\RollbackCommand::handle():62}()
#19 /Users/mthunzimusumadi/Documents/Work-Repos/hippo-pumps-limited/vendor/laravel/framework/src/Illuminate/Database/Console/Migrations/RollbackCommand.php(62): Illuminate\\Database\\Migrations\\Migrator->usingConnection(NULL, Object(Closure))
#20 /Users/mthunzimusumadi/Documents/Work-Repos/hippo-pumps-limited/vendor/laravel/framework/src/Illuminate/Container/BoundMethod.php(36): Illuminate\\Database\\Console\\Migrations\\RollbackCommand->handle()
#21 /Users/mthunzimusumadi/Documents/Work-Repos/hippo-pumps-limited/vendor/laravel/framework/src/Illuminate/Container/Util.php(43): Illuminate\\Container\\BoundMethod::{closure:Illuminate\\Container\\BoundMethod::call():35}()
#22 /Users/mthunzimusumadi/Documents/Work-Repos/hippo-pumps-limited/vendor/laravel/framework/src/Illuminate/Container/BoundMethod.php(96): Illuminate\\Container\\Util::unwrapIfClosure(Object(Closure))
#23 /Users/mthunzimusumadi/Documents/Work-Repos/hippo-pumps-limited/vendor/laravel/framework/src/Illuminate/Container/BoundMethod.php(35): Illuminate\\Container\\BoundMethod::callBoundMethod(Object(Illuminate\\Foundation\\Application), Array, Object(Closure))
#24 /Users/mthunzimusumadi/Documents/Work-Repos/hippo-pumps-limited/vendor/laravel/framework/src/Illuminate/Container/Container.php(754): Illuminate\\Container\\BoundMethod::call(Object(Illuminate\\Foundation\\Application), Array, Array, NULL)
#25 /Users/mthunzimusumadi/Documents/Work-Repos/hippo-pumps-limited/vendor/laravel/framework/src/Illuminate/Console/Command.php(211): Illuminate\\Container\\Container->call(Array)
#26 /Users/mthunzimusumadi/Documents/Work-Repos/hippo-pumps-limited/vendor/symfony/console/Command/Command.php(279): Illuminate\\Console\\Command->execute(Object(Symfony\\Component\\Console\\Input\\ArgvInput), Object(Illuminate\\Console\\OutputStyle))
#27 /Users/mthunzimusumadi/Documents/Work-Repos/hippo-pumps-limited/vendor/laravel/framework/src/Illuminate/Console/Command.php(180): Symfony\\Component\\Console\\Command\\Command->run(Object(Symfony\\Component\\Console\\Input\\ArgvInput), Object(Illuminate\\Console\\OutputStyle))
#28 /Users/mthunzimusumadi/Documents/Work-Repos/hippo-pumps-limited/vendor/symfony/console/Application.php(1094): Illuminate\\Console\\Command->run(Object(Symfony\\Component\\Console\\Input\\ArgvInput), Object(Symfony\\Component\\Console\\Output\\ConsoleOutput))
#29 /Users/mthunzimusumadi/Documents/Work-Repos/hippo-pumps-limited/vendor/symfony/console/Application.php(342): Symfony\\Component\\Console\\Application->doRunCommand(Object(Illuminate\\Database\\Console\\Migrations\\RollbackCommand), Object(Symfony\\Component\\Console\\Input\\ArgvInput), Object(Symfony\\Component\\Console\\Output\\ConsoleOutput))
#30 /Users/mthunzimusumadi/Documents/Work-Repos/hippo-pumps-limited/vendor/symfony/console/Application.php(193): Symfony\\Component\\Console\\Application->doRun(Object(Symfony\\Component\\Console\\Input\\ArgvInput), Object(Symfony\\Component\\Console\\Output\\ConsoleOutput))
#31 /Users/mthunzimusumadi/Documents/Work-Repos/hippo-pumps-limited/vendor/laravel/framework/src/Illuminate/Foundation/Console/Kernel.php(197): Symfony\\Component\\Console\\Application->run(Object(Symfony\\Component\\Console\\Input\\ArgvInput), Object(Symfony\\Component\\Console\\Output\\ConsoleOutput))
#32 /Users/mthunzimusumadi/Documents/Work-Repos/hippo-pumps-limited/vendor/laravel/framework/src/Illuminate/Foundation/Application.php(1234): Illuminate\\Foundation\\Console\\Kernel->handle(Object(Symfony\\Component\\Console\\Input\\ArgvInput), Object(Symfony\\Component\\Console\\Output\\ConsoleOutput))
#33 /Users/mthunzimusumadi/Documents/Work-Repos/hippo-pumps-limited/artisan(16): Illuminate\\Foundation\\Application->handleCommand(Object(Symfony\\Component\\Console\\Input\\ArgvInput))
#34 {main}

[previous exception] [object] (PDOException(code: 42703): SQLSTATE[42703]: Undefined column: 7 ERROR:  column \"category\" of relation \"pump_solutions\" does not exist at /Users/mthunzimusumadi/Documents/Work-Repos/hippo-pumps-limited/vendor/laravel/framework/src/Illuminate/Database/Connection.php:568)
[stacktrace]
#0 /Users/mthunzimusumadi/Documents/Work-Repos/hippo-pumps-limited/vendor/laravel/framework/src/Illuminate/Database/Connection.php(568): PDOStatement->execute()
#1 /Users/mthunzimusumadi/Documents/Work-Repos/hippo-pumps-limited/vendor/laravel/framework/src/Illuminate/Database/Connection.php(809): Illuminate\\Database\\Connection->{closure:Illuminate\\Database\\Connection::statement():557}('alter table \"pu...', Array)
#2 /Users/mthunzimusumadi/Documents/Work-Repos/hippo-pumps-limited/vendor/laravel/framework/src/Illuminate/Database/Connection.php(776): Illuminate\\Database\\Connection->runQueryCallback('alter table \"pu...', Array, Object(Closure))
#3 /Users/mthunzimusumadi/Documents/Work-Repos/hippo-pumps-limited/vendor/laravel/framework/src/Illuminate/Database/Connection.php(557): Illuminate\\Database\\Connection->run('alter table \"pu...', Array, Object(Closure))
#4 /Users/mthunzimusumadi/Documents/Work-Repos/hippo-pumps-limited/vendor/laravel/framework/src/Illuminate/Database/Schema/Blueprint.php(119): Illuminate\\Database\\Connection->statement('alter table \"pu...')
#5 /Users/mthunzimusumadi/Documents/Work-Repos/hippo-pumps-limited/vendor/laravel/framework/src/Illuminate/Database/Schema/Builder.php(621): Illuminate\\Database\\Schema\\Blueprint->build()
#6 /Users/mthunzimusumadi/Documents/Work-Repos/hippo-pumps-limited/vendor/laravel/framework/src/Illuminate/Database/Schema/Builder.php(463): Illuminate\\Database\\Schema\\Builder->build(Object(Illuminate\\Database\\Schema\\Blueprint))
#7 /Users/mthunzimusumadi/Documents/Work-Repos/hippo-pumps-limited/vendor/laravel/framework/src/Illuminate/Support/Facades/Facade.php(361): Illuminate\\Database\\Schema\\Builder->table('pump_solutions', Object(Closure))
#8 /Users/mthunzimusumadi/Documents/Work-Repos/hippo-pumps-limited/database/migrations/2025_04_26_172329_restructure_pump_solutions_table.php(67): Illuminate\\Support\\Facades\\Facade::__callStatic('table', Array)
#9 /Users/mthunzimusumadi/Documents/Work-Repos/hippo-pumps-limited/vendor/laravel/framework/src/Illuminate/Database/Migrations/Migrator.php(514): Illuminate\\Database\\Migrations\\Migration@anonymous->down()
#10 /Users/mthunzimusumadi/Documents/Work-Repos/hippo-pumps-limited/vendor/laravel/framework/src/Illuminate/Database/Migrations/Migrator.php(439): Illuminate\\Database\\Migrations\\Migrator->runMethod(Object(Illuminate\\Database\\PostgresConnection), Object(Illuminate\\Database\\Migrations\\Migration@anonymous), 'down')
#11 /Users/mthunzimusumadi/Documents/Work-Repos/hippo-pumps-limited/vendor/laravel/framework/src/Illuminate/Database/Concerns/ManagesTransactions.php(32): Illuminate\\Database\\Migrations\\Migrator->{closure:Illuminate\\Database\\Migrations\\Migrator::runMigration():435}(Object(Illuminate\\Database\\PostgresConnection))
#12 /Users/mthunzimusumadi/Documents/Work-Repos/hippo-pumps-limited/vendor/laravel/framework/src/Illuminate/Database/Migrations/Migrator.php(447): Illuminate\\Database\\Connection->transaction(Object(Closure))
#13 /Users/mthunzimusumadi/Documents/Work-Repos/hippo-pumps-limited/vendor/laravel/framework/src/Illuminate/Database/Migrations/Migrator.php(414): Illuminate\\Database\\Migrations\\Migrator->runMigration(Object(Illuminate\\Database\\Migrations\\Migration@anonymous), 'down')
#14 /Users/mthunzimusumadi/Documents/Work-Repos/hippo-pumps-limited/vendor/laravel/framework/src/Illuminate/Console/View/Components/Task.php(41): Illuminate\\Database\\Migrations\\Migrator->{closure:Illuminate\\Database\\Migrations\\Migrator::runDown():414}()
#15 /Users/mthunzimusumadi/Documents/Work-Repos/hippo-pumps-limited/vendor/laravel/framework/src/Illuminate/Database/Migrations/Migrator.php(805): Illuminate\\Console\\View\\Components\\Task->render('2025_04_26_1723...', Object(Closure))
#16 /Users/mthunzimusumadi/Documents/Work-Repos/hippo-pumps-limited/vendor/laravel/framework/src/Illuminate/Database/Migrations/Migrator.php(414): Illuminate\\Database\\Migrations\\Migrator->write('Illuminate\\\\Cons...', '2025_04_26_1723...', Object(Closure))
#17 /Users/mthunzimusumadi/Documents/Work-Repos/hippo-pumps-limited/vendor/laravel/framework/src/Illuminate/Database/Migrations/Migrator.php(337): Illuminate\\Database\\Migrations\\Migrator->runDown('/Users/mthunzim...', Object(stdClass), false)
#18 /Users/mthunzimusumadi/Documents/Work-Repos/hippo-pumps-limited/vendor/laravel/framework/src/Illuminate/Database/Migrations/Migrator.php(281): Illuminate\\Database\\Migrations\\Migrator->rollbackMigrations(Array, Array, Array)
#19 /Users/mthunzimusumadi/Documents/Work-Repos/hippo-pumps-limited/vendor/laravel/framework/src/Illuminate/Database/Console/Migrations/RollbackCommand.php(63): Illuminate\\Database\\Migrations\\Migrator->rollback(Array, Array)
#20 /Users/mthunzimusumadi/Documents/Work-Repos/hippo-pumps-limited/vendor/laravel/framework/src/Illuminate/Database/Migrations/Migrator.php(665): Illuminate\\Database\\Console\\Migrations\\RollbackCommand->{closure:Illuminate\\Database\\Console\\Migrations\\RollbackCommand::handle():62}()
#21 /Users/mthunzimusumadi/Documents/Work-Repos/hippo-pumps-limited/vendor/laravel/framework/src/Illuminate/Database/Console/Migrations/RollbackCommand.php(62): Illuminate\\Database\\Migrations\\Migrator->usingConnection(NULL, Object(Closure))
#22 /Users/mthunzimusumadi/Documents/Work-Repos/hippo-pumps-limited/vendor/laravel/framework/src/Illuminate/Container/BoundMethod.php(36): Illuminate\\Database\\Console\\Migrations\\RollbackCommand->handle()
#23 /Users/mthunzimusumadi/Documents/Work-Repos/hippo-pumps-limited/vendor/laravel/framework/src/Illuminate/Container/Util.php(43): Illuminate\\Container\\BoundMethod::{closure:Illuminate\\Container\\BoundMethod::call():35}()
#24 /Users/mthunzimusumadi/Documents/Work-Repos/hippo-pumps-limited/vendor/laravel/framework/src/Illuminate/Container/BoundMethod.php(96): Illuminate\\Container\\Util::unwrapIfClosure(Object(Closure))
#25 /Users/mthunzimusumadi/Documents/Work-Repos/hippo-pumps-limited/vendor/laravel/framework/src/Illuminate/Container/BoundMethod.php(35): Illuminate\\Container\\BoundMethod::callBoundMethod(Object(Illuminate\\Foundation\\Application), Array, Object(Closure))
#26 /Users/mthunzimusumadi/Documents/Work-Repos/hippo-pumps-limited/vendor/laravel/framework/src/Illuminate/Container/Container.php(754): Illuminate\\Container\\BoundMethod::call(Object(Illuminate\\Foundation\\Application), Array, Array, NULL)
#27 /Users/mthunzimusumadi/Documents/Work-Repos/hippo-pumps-limited/vendor/laravel/framework/src/Illuminate/Console/Command.php(211): Illuminate\\Container\\Container->call(Array)
#28 /Users/mthunzimusumadi/Documents/Work-Repos/hippo-pumps-limited/vendor/symfony/console/Command/Command.php(279): Illuminate\\Console\\Command->execute(Object(Symfony\\Component\\Console\\Input\\ArgvInput), Object(Illuminate\\Console\\OutputStyle))
#29 /Users/mthunzimusumadi/Documents/Work-Repos/hippo-pumps-limited/vendor/laravel/framework/src/Illuminate/Console/Command.php(180): Symfony\\Component\\Console\\Command\\Command->run(Object(Symfony\\Component\\Console\\Input\\ArgvInput), Object(Illuminate\\Console\\OutputStyle))
#30 /Users/mthunzimusumadi/Documents/Work-Repos/hippo-pumps-limited/vendor/symfony/console/Application.php(1094): Illuminate\\Console\\Command->run(Object(Symfony\\Component\\Console\\Input\\ArgvInput), Object(Symfony\\Component\\Console\\Output\\ConsoleOutput))
#31 /Users/mthunzimusumadi/Documents/Work-Repos/hippo-pumps-limited/vendor/symfony/console/Application.php(342): Symfony\\Component\\Console\\Application->doRunCommand(Object(Illuminate\\Database\\Console\\Migrations\\RollbackCommand), Object(Symfony\\Component\\Console\\Input\\ArgvInput), Object(Symfony\\Component\\Console\\Output\\ConsoleOutput))
#32 /Users/mthunzimusumadi/Documents/Work-Repos/hippo-pumps-limited/vendor/symfony/console/Application.php(193): Symfony\\Component\\Console\\Application->doRun(Object(Symfony\\Component\\Console\\Input\\ArgvInput), Object(Symfony\\Component\\Console\\Output\\ConsoleOutput))
#33 /Users/mthunzimusumadi/Documents/Work-Repos/hippo-pumps-limited/vendor/laravel/framework/src/Illuminate/Foundation/Console/Kernel.php(197): Symfony\\Component\\Console\\Application->run(Object(Symfony\\Component\\Console\\Input\\ArgvInput), Object(Symfony\\Component\\Console\\Output\\ConsoleOutput))
#34 /Users/mthunzimusumadi/Documents/Work-Repos/hippo-pumps-limited/vendor/laravel/framework/src/Illuminate/Foundation/Application.php(1234): Illuminate\\Foundation\\Console\\Kernel->handle(Object(Symfony\\Component\\Console\\Input\\ArgvInput), Object(Symfony\\Component\\Console\\Output\\ConsoleOutput))
#35 /Users/mthunzimusumadi/Documents/Work-Repos/hippo-pumps-limited/artisan(16): Illuminate\\Foundation\\Application->handleCommand(Object(Symfony\\Component\\Console\\Input\\ArgvInput))
#36 {main}
"} 
[2025-05-07 16:56:16] production.WARNING: Slow query detected {"sql":"select exists (select 1 from pg_class c, pg_namespace n where n.nspname = current_schema() and c.relname = 'migrations' and c.relkind in ('r', 'p') and n.oid = c.relnamespace)","bindings":[],"time":1124.73} 
[2025-05-07 16:56:17] production.WARNING: Slow query detected {"sql":"select exists (select 1 from pg_class c, pg_namespace n where n.nspname = current_schema() and c.relname = 'migrations' and c.relkind in ('r', 'p') and n.oid = c.relnamespace)","bindings":[],"time":1244.93} 
[2025-05-07 16:56:18] production.WARNING: Slow query detected {"sql":"select \"migration\" from \"migrations\" order by \"batch\" asc, \"migration\" asc","bindings":[],"time":1473.72} 
[2025-05-07 16:56:20] production.WARNING: Slow query detected {"sql":"select \"migration\" from \"migrations\" order by \"batch\" asc, \"migration\" asc","bindings":[],"time":1528.59} 
[2025-05-07 16:56:21] production.WARNING: Slow query detected {"sql":"select max(\"batch\") as aggregate from \"migrations\"","bindings":[],"time":1216.02} 
[2025-05-07 16:56:23] production.ERROR: SQLSTATE[42703]: Undefined column: 7 ERROR:  column "category" does not exist (Connection: pgsql, SQL: create index "pump_solutions_category_index" on "pump_solutions" ("category")) {"exception":"[object] (Illuminate\\Database\\QueryException(code: 42703): SQLSTATE[42703]: Undefined column: 7 ERROR:  column \"category\" does not exist (Connection: pgsql, SQL: create index \"pump_solutions_category_index\" on \"pump_solutions\" (\"category\")) at /Users/mthunzimusumadi/Documents/Work-Repos/hippo-pumps-limited/vendor/laravel/framework/src/Illuminate/Database/Connection.php:822)
[stacktrace]
#0 /Users/mthunzimusumadi/Documents/Work-Repos/hippo-pumps-limited/vendor/laravel/framework/src/Illuminate/Database/Connection.php(776): Illuminate\\Database\\Connection->runQueryCallback('create index \"p...', Array, Object(Closure))
#1 /Users/mthunzimusumadi/Documents/Work-Repos/hippo-pumps-limited/vendor/laravel/framework/src/Illuminate/Database/Connection.php(557): Illuminate\\Database\\Connection->run('create index \"p...', Array, Object(Closure))
#2 /Users/mthunzimusumadi/Documents/Work-Repos/hippo-pumps-limited/vendor/laravel/framework/src/Illuminate/Database/Schema/Blueprint.php(119): Illuminate\\Database\\Connection->statement('create index \"p...')
#3 /Users/mthunzimusumadi/Documents/Work-Repos/hippo-pumps-limited/vendor/laravel/framework/src/Illuminate/Database/Schema/Builder.php(621): Illuminate\\Database\\Schema\\Blueprint->build()
#4 /Users/mthunzimusumadi/Documents/Work-Repos/hippo-pumps-limited/vendor/laravel/framework/src/Illuminate/Database/Schema/Builder.php(463): Illuminate\\Database\\Schema\\Builder->build(Object(Illuminate\\Database\\Schema\\Blueprint))
#5 /Users/mthunzimusumadi/Documents/Work-Repos/hippo-pumps-limited/vendor/laravel/framework/src/Illuminate/Support/Facades/Facade.php(361): Illuminate\\Database\\Schema\\Builder->table('pump_solutions', Object(Closure))
#6 /Users/mthunzimusumadi/Documents/Work-Repos/hippo-pumps-limited/database/migrations/2024_03_21_000000_add_indexes_to_pump_solutions_table.php(11): Illuminate\\Support\\Facades\\Facade::__callStatic('table', Array)
#7 /Users/mthunzimusumadi/Documents/Work-Repos/hippo-pumps-limited/vendor/laravel/framework/src/Illuminate/Database/Migrations/Migrator.php(514): Illuminate\\Database\\Migrations\\Migration@anonymous->up()
#8 /Users/mthunzimusumadi/Documents/Work-Repos/hippo-pumps-limited/vendor/laravel/framework/src/Illuminate/Database/Migrations/Migrator.php(439): Illuminate\\Database\\Migrations\\Migrator->runMethod(Object(Illuminate\\Database\\PostgresConnection), Object(Illuminate\\Database\\Migrations\\Migration@anonymous), 'up')
#9 /Users/mthunzimusumadi/Documents/Work-Repos/hippo-pumps-limited/vendor/laravel/framework/src/Illuminate/Database/Concerns/ManagesTransactions.php(32): Illuminate\\Database\\Migrations\\Migrator->{closure:Illuminate\\Database\\Migrations\\Migrator::runMigration():435}(Object(Illuminate\\Database\\PostgresConnection))
#10 /Users/mthunzimusumadi/Documents/Work-Repos/hippo-pumps-limited/vendor/laravel/framework/src/Illuminate/Database/Migrations/Migrator.php(447): Illuminate\\Database\\Connection->transaction(Object(Closure))
#11 /Users/mthunzimusumadi/Documents/Work-Repos/hippo-pumps-limited/vendor/laravel/framework/src/Illuminate/Database/Migrations/Migrator.php(250): Illuminate\\Database\\Migrations\\Migrator->runMigration(Object(Illuminate\\Database\\Migrations\\Migration@anonymous), 'up')
#12 /Users/mthunzimusumadi/Documents/Work-Repos/hippo-pumps-limited/vendor/laravel/framework/src/Illuminate/Console/View/Components/Task.php(41): Illuminate\\Database\\Migrations\\Migrator->{closure:Illuminate\\Database\\Migrations\\Migrator::runUp():250}()
#13 /Users/mthunzimusumadi/Documents/Work-Repos/hippo-pumps-limited/vendor/laravel/framework/src/Illuminate/Database/Migrations/Migrator.php(805): Illuminate\\Console\\View\\Components\\Task->render('2024_03_21_0000...', Object(Closure))
#14 /Users/mthunzimusumadi/Documents/Work-Repos/hippo-pumps-limited/vendor/laravel/framework/src/Illuminate/Database/Migrations/Migrator.php(250): Illuminate\\Database\\Migrations\\Migrator->write('Illuminate\\\\Cons...', '2024_03_21_0000...', Object(Closure))
#15 /Users/mthunzimusumadi/Documents/Work-Repos/hippo-pumps-limited/vendor/laravel/framework/src/Illuminate/Database/Migrations/Migrator.php(210): Illuminate\\Database\\Migrations\\Migrator->runUp('/Users/mthunzim...', 2, false)
#16 /Users/mthunzimusumadi/Documents/Work-Repos/hippo-pumps-limited/vendor/laravel/framework/src/Illuminate/Database/Migrations/Migrator.php(137): Illuminate\\Database\\Migrations\\Migrator->runPending(Array, Array)
#17 /Users/mthunzimusumadi/Documents/Work-Repos/hippo-pumps-limited/vendor/laravel/framework/src/Illuminate/Database/Console/Migrations/MigrateCommand.php(116): Illuminate\\Database\\Migrations\\Migrator->run(Array, Array)
#18 /Users/mthunzimusumadi/Documents/Work-Repos/hippo-pumps-limited/vendor/laravel/framework/src/Illuminate/Database/Migrations/Migrator.php(665): Illuminate\\Database\\Console\\Migrations\\MigrateCommand->{closure:Illuminate\\Database\\Console\\Migrations\\MigrateCommand::runMigrations():109}()
#19 /Users/mthunzimusumadi/Documents/Work-Repos/hippo-pumps-limited/vendor/laravel/framework/src/Illuminate/Database/Console/Migrations/MigrateCommand.php(109): Illuminate\\Database\\Migrations\\Migrator->usingConnection(NULL, Object(Closure))
#20 /Users/mthunzimusumadi/Documents/Work-Repos/hippo-pumps-limited/vendor/laravel/framework/src/Illuminate/Database/Console/Migrations/MigrateCommand.php(88): Illuminate\\Database\\Console\\Migrations\\MigrateCommand->runMigrations()
#21 /Users/mthunzimusumadi/Documents/Work-Repos/hippo-pumps-limited/vendor/laravel/framework/src/Illuminate/Container/BoundMethod.php(36): Illuminate\\Database\\Console\\Migrations\\MigrateCommand->handle()
#22 /Users/mthunzimusumadi/Documents/Work-Repos/hippo-pumps-limited/vendor/laravel/framework/src/Illuminate/Container/Util.php(43): Illuminate\\Container\\BoundMethod::{closure:Illuminate\\Container\\BoundMethod::call():35}()
#23 /Users/mthunzimusumadi/Documents/Work-Repos/hippo-pumps-limited/vendor/laravel/framework/src/Illuminate/Container/BoundMethod.php(96): Illuminate\\Container\\Util::unwrapIfClosure(Object(Closure))
#24 /Users/mthunzimusumadi/Documents/Work-Repos/hippo-pumps-limited/vendor/laravel/framework/src/Illuminate/Container/BoundMethod.php(35): Illuminate\\Container\\BoundMethod::callBoundMethod(Object(Illuminate\\Foundation\\Application), Array, Object(Closure))
#25 /Users/mthunzimusumadi/Documents/Work-Repos/hippo-pumps-limited/vendor/laravel/framework/src/Illuminate/Container/Container.php(754): Illuminate\\Container\\BoundMethod::call(Object(Illuminate\\Foundation\\Application), Array, Array, NULL)
#26 /Users/mthunzimusumadi/Documents/Work-Repos/hippo-pumps-limited/vendor/laravel/framework/src/Illuminate/Console/Command.php(211): Illuminate\\Container\\Container->call(Array)
#27 /Users/mthunzimusumadi/Documents/Work-Repos/hippo-pumps-limited/vendor/symfony/console/Command/Command.php(279): Illuminate\\Console\\Command->execute(Object(Symfony\\Component\\Console\\Input\\ArgvInput), Object(Illuminate\\Console\\OutputStyle))
#28 /Users/mthunzimusumadi/Documents/Work-Repos/hippo-pumps-limited/vendor/laravel/framework/src/Illuminate/Console/Command.php(180): Symfony\\Component\\Console\\Command\\Command->run(Object(Symfony\\Component\\Console\\Input\\ArgvInput), Object(Illuminate\\Console\\OutputStyle))
#29 /Users/mthunzimusumadi/Documents/Work-Repos/hippo-pumps-limited/vendor/symfony/console/Application.php(1094): Illuminate\\Console\\Command->run(Object(Symfony\\Component\\Console\\Input\\ArgvInput), Object(Symfony\\Component\\Console\\Output\\ConsoleOutput))
#30 /Users/mthunzimusumadi/Documents/Work-Repos/hippo-pumps-limited/vendor/symfony/console/Application.php(342): Symfony\\Component\\Console\\Application->doRunCommand(Object(Illuminate\\Database\\Console\\Migrations\\MigrateCommand), Object(Symfony\\Component\\Console\\Input\\ArgvInput), Object(Symfony\\Component\\Console\\Output\\ConsoleOutput))
#31 /Users/mthunzimusumadi/Documents/Work-Repos/hippo-pumps-limited/vendor/symfony/console/Application.php(193): Symfony\\Component\\Console\\Application->doRun(Object(Symfony\\Component\\Console\\Input\\ArgvInput), Object(Symfony\\Component\\Console\\Output\\ConsoleOutput))
#32 /Users/mthunzimusumadi/Documents/Work-Repos/hippo-pumps-limited/vendor/laravel/framework/src/Illuminate/Foundation/Console/Kernel.php(197): Symfony\\Component\\Console\\Application->run(Object(Symfony\\Component\\Console\\Input\\ArgvInput), Object(Symfony\\Component\\Console\\Output\\ConsoleOutput))
#33 /Users/mthunzimusumadi/Documents/Work-Repos/hippo-pumps-limited/vendor/laravel/framework/src/Illuminate/Foundation/Application.php(1234): Illuminate\\Foundation\\Console\\Kernel->handle(Object(Symfony\\Component\\Console\\Input\\ArgvInput), Object(Symfony\\Component\\Console\\Output\\ConsoleOutput))
#34 /Users/mthunzimusumadi/Documents/Work-Repos/hippo-pumps-limited/artisan(16): Illuminate\\Foundation\\Application->handleCommand(Object(Symfony\\Component\\Console\\Input\\ArgvInput))
#35 {main}

[previous exception] [object] (PDOException(code: 42703): SQLSTATE[42703]: Undefined column: 7 ERROR:  column \"category\" does not exist at /Users/mthunzimusumadi/Documents/Work-Repos/hippo-pumps-limited/vendor/laravel/framework/src/Illuminate/Database/Connection.php:568)
[stacktrace]
#0 /Users/mthunzimusumadi/Documents/Work-Repos/hippo-pumps-limited/vendor/laravel/framework/src/Illuminate/Database/Connection.php(568): PDOStatement->execute()
#1 /Users/mthunzimusumadi/Documents/Work-Repos/hippo-pumps-limited/vendor/laravel/framework/src/Illuminate/Database/Connection.php(809): Illuminate\\Database\\Connection->{closure:Illuminate\\Database\\Connection::statement():557}('create index \"p...', Array)
#2 /Users/mthunzimusumadi/Documents/Work-Repos/hippo-pumps-limited/vendor/laravel/framework/src/Illuminate/Database/Connection.php(776): Illuminate\\Database\\Connection->runQueryCallback('create index \"p...', Array, Object(Closure))
#3 /Users/mthunzimusumadi/Documents/Work-Repos/hippo-pumps-limited/vendor/laravel/framework/src/Illuminate/Database/Connection.php(557): Illuminate\\Database\\Connection->run('create index \"p...', Array, Object(Closure))
#4 /Users/mthunzimusumadi/Documents/Work-Repos/hippo-pumps-limited/vendor/laravel/framework/src/Illuminate/Database/Schema/Blueprint.php(119): Illuminate\\Database\\Connection->statement('create index \"p...')
#5 /Users/mthunzimusumadi/Documents/Work-Repos/hippo-pumps-limited/vendor/laravel/framework/src/Illuminate/Database/Schema/Builder.php(621): Illuminate\\Database\\Schema\\Blueprint->build()
#6 /Users/mthunzimusumadi/Documents/Work-Repos/hippo-pumps-limited/vendor/laravel/framework/src/Illuminate/Database/Schema/Builder.php(463): Illuminate\\Database\\Schema\\Builder->build(Object(Illuminate\\Database\\Schema\\Blueprint))
#7 /Users/mthunzimusumadi/Documents/Work-Repos/hippo-pumps-limited/vendor/laravel/framework/src/Illuminate/Support/Facades/Facade.php(361): Illuminate\\Database\\Schema\\Builder->table('pump_solutions', Object(Closure))
#8 /Users/mthunzimusumadi/Documents/Work-Repos/hippo-pumps-limited/database/migrations/2024_03_21_000000_add_indexes_to_pump_solutions_table.php(11): Illuminate\\Support\\Facades\\Facade::__callStatic('table', Array)
#9 /Users/mthunzimusumadi/Documents/Work-Repos/hippo-pumps-limited/vendor/laravel/framework/src/Illuminate/Database/Migrations/Migrator.php(514): Illuminate\\Database\\Migrations\\Migration@anonymous->up()
#10 /Users/mthunzimusumadi/Documents/Work-Repos/hippo-pumps-limited/vendor/laravel/framework/src/Illuminate/Database/Migrations/Migrator.php(439): Illuminate\\Database\\Migrations\\Migrator->runMethod(Object(Illuminate\\Database\\PostgresConnection), Object(Illuminate\\Database\\Migrations\\Migration@anonymous), 'up')
#11 /Users/mthunzimusumadi/Documents/Work-Repos/hippo-pumps-limited/vendor/laravel/framework/src/Illuminate/Database/Concerns/ManagesTransactions.php(32): Illuminate\\Database\\Migrations\\Migrator->{closure:Illuminate\\Database\\Migrations\\Migrator::runMigration():435}(Object(Illuminate\\Database\\PostgresConnection))
#12 /Users/mthunzimusumadi/Documents/Work-Repos/hippo-pumps-limited/vendor/laravel/framework/src/Illuminate/Database/Migrations/Migrator.php(447): Illuminate\\Database\\Connection->transaction(Object(Closure))
#13 /Users/mthunzimusumadi/Documents/Work-Repos/hippo-pumps-limited/vendor/laravel/framework/src/Illuminate/Database/Migrations/Migrator.php(250): Illuminate\\Database\\Migrations\\Migrator->runMigration(Object(Illuminate\\Database\\Migrations\\Migration@anonymous), 'up')
#14 /Users/mthunzimusumadi/Documents/Work-Repos/hippo-pumps-limited/vendor/laravel/framework/src/Illuminate/Console/View/Components/Task.php(41): Illuminate\\Database\\Migrations\\Migrator->{closure:Illuminate\\Database\\Migrations\\Migrator::runUp():250}()
#15 /Users/mthunzimusumadi/Documents/Work-Repos/hippo-pumps-limited/vendor/laravel/framework/src/Illuminate/Database/Migrations/Migrator.php(805): Illuminate\\Console\\View\\Components\\Task->render('2024_03_21_0000...', Object(Closure))
#16 /Users/mthunzimusumadi/Documents/Work-Repos/hippo-pumps-limited/vendor/laravel/framework/src/Illuminate/Database/Migrations/Migrator.php(250): Illuminate\\Database\\Migrations\\Migrator->write('Illuminate\\\\Cons...', '2024_03_21_0000...', Object(Closure))
#17 /Users/mthunzimusumadi/Documents/Work-Repos/hippo-pumps-limited/vendor/laravel/framework/src/Illuminate/Database/Migrations/Migrator.php(210): Illuminate\\Database\\Migrations\\Migrator->runUp('/Users/mthunzim...', 2, false)
#18 /Users/mthunzimusumadi/Documents/Work-Repos/hippo-pumps-limited/vendor/laravel/framework/src/Illuminate/Database/Migrations/Migrator.php(137): Illuminate\\Database\\Migrations\\Migrator->runPending(Array, Array)
#19 /Users/mthunzimusumadi/Documents/Work-Repos/hippo-pumps-limited/vendor/laravel/framework/src/Illuminate/Database/Console/Migrations/MigrateCommand.php(116): Illuminate\\Database\\Migrations\\Migrator->run(Array, Array)
#20 /Users/mthunzimusumadi/Documents/Work-Repos/hippo-pumps-limited/vendor/laravel/framework/src/Illuminate/Database/Migrations/Migrator.php(665): Illuminate\\Database\\Console\\Migrations\\MigrateCommand->{closure:Illuminate\\Database\\Console\\Migrations\\MigrateCommand::runMigrations():109}()
#21 /Users/mthunzimusumadi/Documents/Work-Repos/hippo-pumps-limited/vendor/laravel/framework/src/Illuminate/Database/Console/Migrations/MigrateCommand.php(109): Illuminate\\Database\\Migrations\\Migrator->usingConnection(NULL, Object(Closure))
#22 /Users/mthunzimusumadi/Documents/Work-Repos/hippo-pumps-limited/vendor/laravel/framework/src/Illuminate/Database/Console/Migrations/MigrateCommand.php(88): Illuminate\\Database\\Console\\Migrations\\MigrateCommand->runMigrations()
#23 /Users/mthunzimusumadi/Documents/Work-Repos/hippo-pumps-limited/vendor/laravel/framework/src/Illuminate/Container/BoundMethod.php(36): Illuminate\\Database\\Console\\Migrations\\MigrateCommand->handle()
#24 /Users/mthunzimusumadi/Documents/Work-Repos/hippo-pumps-limited/vendor/laravel/framework/src/Illuminate/Container/Util.php(43): Illuminate\\Container\\BoundMethod::{closure:Illuminate\\Container\\BoundMethod::call():35}()
#25 /Users/mthunzimusumadi/Documents/Work-Repos/hippo-pumps-limited/vendor/laravel/framework/src/Illuminate/Container/BoundMethod.php(96): Illuminate\\Container\\Util::unwrapIfClosure(Object(Closure))
#26 /Users/mthunzimusumadi/Documents/Work-Repos/hippo-pumps-limited/vendor/laravel/framework/src/Illuminate/Container/BoundMethod.php(35): Illuminate\\Container\\BoundMethod::callBoundMethod(Object(Illuminate\\Foundation\\Application), Array, Object(Closure))
#27 /Users/mthunzimusumadi/Documents/Work-Repos/hippo-pumps-limited/vendor/laravel/framework/src/Illuminate/Container/Container.php(754): Illuminate\\Container\\BoundMethod::call(Object(Illuminate\\Foundation\\Application), Array, Array, NULL)
#28 /Users/mthunzimusumadi/Documents/Work-Repos/hippo-pumps-limited/vendor/laravel/framework/src/Illuminate/Console/Command.php(211): Illuminate\\Container\\Container->call(Array)
#29 /Users/mthunzimusumadi/Documents/Work-Repos/hippo-pumps-limited/vendor/symfony/console/Command/Command.php(279): Illuminate\\Console\\Command->execute(Object(Symfony\\Component\\Console\\Input\\ArgvInput), Object(Illuminate\\Console\\OutputStyle))
#30 /Users/mthunzimusumadi/Documents/Work-Repos/hippo-pumps-limited/vendor/laravel/framework/src/Illuminate/Console/Command.php(180): Symfony\\Component\\Console\\Command\\Command->run(Object(Symfony\\Component\\Console\\Input\\ArgvInput), Object(Illuminate\\Console\\OutputStyle))
#31 /Users/mthunzimusumadi/Documents/Work-Repos/hippo-pumps-limited/vendor/symfony/console/Application.php(1094): Illuminate\\Console\\Command->run(Object(Symfony\\Component\\Console\\Input\\ArgvInput), Object(Symfony\\Component\\Console\\Output\\ConsoleOutput))
#32 /Users/mthunzimusumadi/Documents/Work-Repos/hippo-pumps-limited/vendor/symfony/console/Application.php(342): Symfony\\Component\\Console\\Application->doRunCommand(Object(Illuminate\\Database\\Console\\Migrations\\MigrateCommand), Object(Symfony\\Component\\Console\\Input\\ArgvInput), Object(Symfony\\Component\\Console\\Output\\ConsoleOutput))
#33 /Users/mthunzimusumadi/Documents/Work-Repos/hippo-pumps-limited/vendor/symfony/console/Application.php(193): Symfony\\Component\\Console\\Application->doRun(Object(Symfony\\Component\\Console\\Input\\ArgvInput), Object(Symfony\\Component\\Console\\Output\\ConsoleOutput))
#34 /Users/mthunzimusumadi/Documents/Work-Repos/hippo-pumps-limited/vendor/laravel/framework/src/Illuminate/Foundation/Console/Kernel.php(197): Symfony\\Component\\Console\\Application->run(Object(Symfony\\Component\\Console\\Input\\ArgvInput), Object(Symfony\\Component\\Console\\Output\\ConsoleOutput))
#35 /Users/mthunzimusumadi/Documents/Work-Repos/hippo-pumps-limited/vendor/laravel/framework/src/Illuminate/Foundation/Application.php(1234): Illuminate\\Foundation\\Console\\Kernel->handle(Object(Symfony\\Component\\Console\\Input\\ArgvInput), Object(Symfony\\Component\\Console\\Output\\ConsoleOutput))
#36 /Users/mthunzimusumadi/Documents/Work-Repos/hippo-pumps-limited/artisan(16): Illuminate\\Foundation\\Application->handleCommand(Object(Symfony\\Component\\Console\\Input\\ArgvInput))
#37 {main}
"} 
[2025-05-07 16:56:54] production.WARNING: Slow query detected {"sql":"select exists (select 1 from pg_class c, pg_namespace n where n.nspname = current_schema() and c.relname = 'migrations' and c.relkind in ('r', 'p') and n.oid = c.relnamespace)","bindings":[],"time":1002.73} 
[2025-05-07 16:56:57] production.WARNING: Slow query detected {"sql":"select \"migration\" from \"migrations\" order by \"batch\" asc, \"migration\" asc","bindings":[],"time":1131.39} 
[2025-05-07 16:56:58] production.WARNING: Slow query detected {"sql":"select max(\"batch\") as aggregate from \"migrations\"","bindings":[],"time":1006.26} 
[2025-05-07 16:57:01] production.WARNING: Slow query detected {"sql":"insert into \"migrations\" (\"migration\", \"batch\") values (?, ?)","bindings":["2024_03_21_000000_add_indexes_to_pump_solutions_table",2],"time":1955.96} 
[2025-05-07 16:57:15] production.WARNING: Slow query detected {"sql":"select exists (select 1 from pg_class c, pg_namespace n where n.nspname = current_schema() and c.relname = 'migrations' and c.relkind in ('r', 'p') and n.oid = c.relnamespace)","bindings":[],"time":1046.78} 
[2025-05-07 16:57:16] production.WARNING: Slow query detected {"sql":"select exists (select 1 from pg_class c, pg_namespace n where n.nspname = current_schema() and c.relname = 'migrations' and c.relkind in ('r', 'p') and n.oid = c.relnamespace)","bindings":[],"time":1287.76} 
[2025-05-07 16:57:17] production.WARNING: Slow query detected {"sql":"select \"migration\" from \"migrations\" order by \"batch\" asc, \"migration\" asc","bindings":[],"time":1216.35} 
[2025-05-07 16:57:19] production.WARNING: Slow query detected {"sql":"select \"migration\" from \"migrations\" order by \"batch\" asc, \"migration\" asc","bindings":[],"time":1092.95} 
